Determining if the pthread_create exist failed with the following output:
Change Dir: /home/pralay/g-code/cmake/gtest-test/build/third_party/src/googletest-build/CMakeFiles/CMakeTmp

Run Build Command:/usr/bin/make "cmTryCompileExec1989613714/fast"
make[3]: Entering directory `/media/sf_Google_Drive/SoftwareDevelopment/code/cmake/gtest-test/build/third_party/src/googletest-build/CMakeFiles/CMakeTmp'
/usr/bin/make -f CMakeFiles/cmTryCompileExec1989613714.dir/build.make CMakeFiles/cmTryCompileExec1989613714.dir/build
make[4]: Entering directory `/media/sf_Google_Drive/SoftwareDevelopment/code/cmake/gtest-test/build/third_party/src/googletest-build/CMakeFiles/CMakeTmp'
/usr/bin/cmake -E cmake_progress_report /home/pralay/g-code/cmake/gtest-test/build/third_party/src/googletest-build/CMakeFiles/CMakeTmp/CMakeFiles 1
Building C object CMakeFiles/cmTryCompileExec1989613714.dir/CheckSymbolExists.c.o
/usr/bin/cc    -o CMakeFiles/cmTryCompileExec1989613714.dir/CheckSymbolExists.c.o   -c /home/pralay/g-code/cmake/gtest-test/build/third_party/src/googletest-build/CMakeFiles/CMakeTmp/CheckSymbolExists.c
Linking C executable cmTryCompileExec1989613714
/usr/bin/cmake -E cmake_link_script CMakeFiles/cmTryCompileExec1989613714.dir/link.txt --verbose=1
/usr/bin/cc       CMakeFiles/cmTryCompileExec1989613714.dir/CheckSymbolExists.c.o  -o cmTryCompileExec1989613714 -rdynamic 
CMakeFiles/cmTryCompileExec1989613714.dir/CheckSymbolExists.c.o: In function `main':
CheckSymbolExists.c:(.text+0x16): undefined reference to `pthread_create'
collect2: error: ld returned 1 exit status
make[4]: *** [cmTryCompileExec1989613714] Error 1
make[4]: Leaving directory `/media/sf_Google_Drive/SoftwareDevelopment/code/cmake/gtest-test/build/third_party/src/googletest-build/CMakeFiles/CMakeTmp'
make[3]: *** [cmTryCompileExec1989613714/fast] Error 2
make[3]: Leaving directory `/media/sf_Google_Drive/SoftwareDevelopment/code/cmake/gtest-test/build/third_party/src/googletest-build/CMakeFiles/CMakeTmp'

File /home/pralay/g-code/cmake/gtest-test/build/third_party/src/googletest-build/CMakeFiles/CMakeTmp/CheckSymbolExists.c:
/* */
#include <pthread.h>

int main(int argc, char** argv)
{
  (void)argv;
#ifndef pthread_create
  return ((int*)(&pthread_create))[argc];
#else
  (void)argc;
  return 0;
#endif
}

Determining if the function pthread_create exists in the pthreads failed with the following output:
Change Dir: /home/pralay/g-code/cmake/gtest-test/build/third_party/src/googletest-build/CMakeFiles/CMakeTmp

Run Build Command:/usr/bin/make "cmTryCompileExec3090744882/fast"
make[3]: Entering directory `/media/sf_Google_Drive/SoftwareDevelopment/code/cmake/gtest-test/build/third_party/src/googletest-build/CMakeFiles/CMakeTmp'
/usr/bin/make -f CMakeFiles/cmTryCompileExec3090744882.dir/build.make CMakeFiles/cmTryCompileExec3090744882.dir/build
make[4]: Entering directory `/media/sf_Google_Drive/SoftwareDevelopment/code/cmake/gtest-test/build/third_party/src/googletest-build/CMakeFiles/CMakeTmp'
/usr/bin/cmake -E cmake_progress_report /home/pralay/g-code/cmake/gtest-test/build/third_party/src/googletest-build/CMakeFiles/CMakeTmp/CMakeFiles 1
Building C object CMakeFiles/cmTryCompileExec3090744882.dir/CheckFunctionExists.c.o
/usr/bin/cc   -DCHECK_FUNCTION_EXISTS=pthread_create   -o CMakeFiles/cmTryCompileExec3090744882.dir/CheckFunctionExists.c.o   -c /usr/share/cmake-2.8/Modules/CheckFunctionExists.c
Linking C executable cmTryCompileExec3090744882
/usr/bin/cmake -E cmake_link_script CMakeFiles/cmTryCompileExec3090744882.dir/link.txt --verbose=1
/usr/bin/cc   -DCHECK_FUNCTION_EXISTS=pthread_create    CMakeFiles/cmTryCompileExec3090744882.dir/CheckFunctionExists.c.o  -o cmTryCompileExec3090744882 -rdynamic -lpthreads 
/usr/bin/ld: cannot find -lpthreads
collect2: error: ld returned 1 exit status
make[4]: *** [cmTryCompileExec3090744882] Error 1
make[4]: Leaving directory `/media/sf_Google_Drive/SoftwareDevelopment/code/cmake/gtest-test/build/third_party/src/googletest-build/CMakeFiles/CMakeTmp'
make[3]: *** [cmTryCompileExec3090744882/fast] Error 2
make[3]: Leaving directory `/media/sf_Google_Drive/SoftwareDevelopment/code/cmake/gtest-test/build/third_party/src/googletest-build/CMakeFiles/CMakeTmp'


