Determining if the C compiler works failed with the following output:
Change Dir: c:/Users/Administrator/Google Drive/SoftwareDevelopment/Code/CPP/cmake/sample/build/CMakeFiles/CMakeTmp

Run Build Command:c:/Program\ Files/GnuWin32/bin/make.exe "cmTryCompileExec1787756196/fast"
C:/Program Files/GnuWin32/bin/make -f CMakeFiles/cmTryCompileExec1787756196.dir/build.make CMakeFiles/cmTryCompileExec1787756196.dir/build
make[1]: Entering directory `C:/Users/Administrator/Google Drive/SoftwareDevelopment/Code/CPP/cmake/sample/build/CMakeFiles/CMakeTmp'
/usr/bin/cmake.exe -E cmake_progress_report "c:/Users/Administrator/Google Drive/SoftwareDevelopment/Code/CPP/cmake/sample/build/CMakeFiles/CMakeTmp/CMakeFiles" 1
Building C object CMakeFiles/cmTryCompileExec1787756196.dir/testCCompiler.c.o
/usr/bin/gcc.exe    -o CMakeFiles/cmTryCompileExec1787756196.dir/testCCompiler.c.o   -c "c:/Users/Administrator/Google Drive/SoftwareDevelopment/Code/CPP/cmake/sample/build/CMakeFiles/CMakeTmp/testCCompiler.c"
Linking C executable cmTryCompileExec1787756196.exe
/usr/bin/cmake.exe -E cmake_link_script CMakeFiles/cmTryCompileExec1787756196.dir/link.txt --verbose=1
process_begin: CreateProcess(NULL, /usr/bin/cmake.exe -E cmake_link_script CMakeFiles/cmTryCompileExec1787756196.dir/link.txt --verbose=1, ...) failed.
make (e=2): The system cannot find the file specified.
make[1]: *** [cmTryCompileExec1787756196.exe] Error 2
make[1]: Leaving directory `C:/Users/Administrator/Google Drive/SoftwareDevelopment/Code/CPP/cmake/sample/build/CMakeFiles/CMakeTmp'
make: *** [cmTryCompileExec1787756196/fast] Error 2


