Determining if the C compiler works failed with the following output:
Change Dir: c:/Users/Administrator/Google Drive/SoftwareDevelopment/Code/CPP/cmake/eg1/build/CMakeFiles/CMakeTmp

Run Build Command:c:/Program\ Files/GnuWin32/bin/make.exe "cmTryCompileExec3769317351/fast"
C:/Program Files/GnuWin32/bin/make -f CMakeFiles/cmTryCompileExec3769317351.dir/build.make CMakeFiles/cmTryCompileExec3769317351.dir/build
make[1]: Entering directory `C:/Users/Administrator/Google Drive/SoftwareDevelopment/Code/CPP/cmake/eg1/build/CMakeFiles/CMakeTmp'
/usr/bin/cmake.exe -E cmake_progress_report "c:/Users/Administrator/Google Drive/SoftwareDevelopment/Code/CPP/cmake/eg1/build/CMakeFiles/CMakeTmp/CMakeFiles" 1
Building C object CMakeFiles/cmTryCompileExec3769317351.dir/testCCompiler.c.o
/usr/bin/gcc.exe    -o CMakeFiles/cmTryCompileExec3769317351.dir/testCCompiler.c.o   -c "c:/Users/Administrator/Google Drive/SoftwareDevelopment/Code/CPP/cmake/eg1/build/CMakeFiles/CMakeTmp/testCCompiler.c"
Linking C executable cmTryCompileExec3769317351.exe
/usr/bin/cmake.exe -E cmake_link_script CMakeFiles/cmTryCompileExec3769317351.dir/link.txt --verbose=1
process_begin: CreateProcess(NULL, /usr/bin/cmake.exe -E cmake_link_script CMakeFiles/cmTryCompileExec3769317351.dir/link.txt --verbose=1, ...) failed.
make (e=2): The system cannot find the file specified.
make[1]: *** [cmTryCompileExec3769317351.exe] Error 2
make[1]: Leaving directory `C:/Users/Administrator/Google Drive/SoftwareDevelopment/Code/CPP/cmake/eg1/build/CMakeFiles/CMakeTmp'
make: *** [cmTryCompileExec3769317351/fast] Error 2


Determining if the C compiler works failed with the following output:
Change Dir: c:/Users/Administrator/Google Drive/SoftwareDevelopment/Code/CPP/cmake/eg1/build/CMakeFiles/CMakeTmp

Run Build Command:c:/Program\ Files/GnuWin32/bin/make.exe "cmTryCompileExec3398586413/fast"
C:/Program Files/GnuWin32/bin/make -f CMakeFiles/cmTryCompileExec3398586413.dir/build.make CMakeFiles/cmTryCompileExec3398586413.dir/build
make[1]: Entering directory `C:/Users/Administrator/Google Drive/SoftwareDevelopment/Code/CPP/cmake/eg1/build/CMakeFiles/CMakeTmp'
/usr/bin/cmake.exe -E cmake_progress_report "c:/Users/Administrator/Google Drive/SoftwareDevelopment/Code/CPP/cmake/eg1/build/CMakeFiles/CMakeTmp/CMakeFiles" 1
Building C object CMakeFiles/cmTryCompileExec3398586413.dir/testCCompiler.c.o
/usr/bin/gcc.exe    -o CMakeFiles/cmTryCompileExec3398586413.dir/testCCompiler.c.o   -c "c:/Users/Administrator/Google Drive/SoftwareDevelopment/Code/CPP/cmake/eg1/build/CMakeFiles/CMakeTmp/testCCompiler.c"
Linking C executable cmTryCompileExec3398586413.exe
/usr/bin/cmake.exe -E cmake_link_script CMakeFiles/cmTryCompileExec3398586413.dir/link.txt --verbose=1
make[1]: Leaving directory `C:/Users/Administrator/Google Drive/SoftwareDevelopment/Code/CPP/cmake/eg1/build/CMakeFiles/CMakeTmp'
process_begin: CreateProcess(NULL, /usr/bin/cmake.exe -E cmake_link_script CMakeFiles/cmTryCompileExec3398586413.dir/link.txt --verbose=1, ...) failed.
make (e=2): The system cannot find the file specified.
make[1]: *** [cmTryCompileExec3398586413.exe] Error 2
make: *** [cmTryCompileExec3398586413/fast] Error 2


